The system is: Linux - 3.10.0-1160.105.1.el7.x86_64 - x86_64
Compiling the C compiler identification source file "CMakeCCompilerId.c" succeeded.
Compiler: /usr/bin/clang 
Build flags: 
Id flags:  

The output was:
0


Compilation of the C compiler identification source "CMakeCCompilerId.c" produced "a.out"

The C compiler identification is Clang, found in "/users7/cse/ltirjan/assignment-2-don-t-be-sentimental-otirjan/build/CMakeFiles/3.23.1/CompilerIdC/a.out"

Compiling the CXX compiler identification source file "CMakeCXXCompilerId.cpp" succeeded.
Compiler: /usr/bin/clang++ 
Build flags: 
Id flags:  

The output was:
0


Compilation of the CXX compiler identification source "CMakeCXXCompilerId.cpp" produced "a.out"

The CXX compiler identification is Clang, found in "/users7/cse/ltirjan/assignment-2-don-t-be-sentimental-otirjan/build/CMakeFiles/3.23.1/CompilerIdCXX/a.out"

Detecting C compiler ABI info compiled with the following output:
Change Dir: /users7/cse/ltirjan/assignment-2-don-t-be-sentimental-otirjan/build/CMakeFiles/CMakeTmp

Run Build Command(s):/usr/local/es7/bin/ninja cmTC_10282 && [1/2] Building C object CMakeFiles/cmTC_10282.dir/CMakeCCompilerABI.c.o
clang version 3.4.2 (tags/RELEASE_34/dot2-final)
Target: x86_64-redhat-linux-gnu
Thread model: posix
Found candidate GCC installation: /usr/bin/../lib/gcc/x86_64-redhat-linux/4.4.7
Found candidate GCC installation: /usr/bin/../lib/gcc/x86_64-redhat-linux/4.8.2
Found candidate GCC installation: /usr/bin/../lib/gcc/x86_64-redhat-linux/4.8.5
Found candidate GCC installation: /usr/lib/gcc/x86_64-redhat-linux/4.4.7
Found candidate GCC installation: /usr/lib/gcc/x86_64-redhat-linux/4.8.2
Found candidate GCC installation: /usr/lib/gcc/x86_64-redhat-linux/4.8.5
Selected GCC installation: /usr/bin/../lib/gcc/x86_64-redhat-linux/4.8.5
 "/usr/bin/clang" -cc1 -triple x86_64-redhat-linux-gnu -emit-obj -mrelax-all -disable-free -disable-llvm-verifier -main-file-name CMakeCCompilerABI.c -mrelocation-model static -mdisable-fp-elim -fmath-errno -masm-verbose -mconstructor-aliases -munwind-tables -fuse-init-array -target-cpu x86-64 -target-linker-version 2.27 -v -coverage-file /users7/cse/ltirjan/assignment-2-don-t-be-sentimental-otirjan/build/CMakeFiles/CMakeTmp/CMakeFiles/cmTC_10282.dir/CMakeCCompilerABI.c.o -resource-dir /usr/bin/../lib/clang/3.4.2 -dependency-file CMakeFiles/cmTC_10282.dir/CMakeCCompilerABI.c.o.d -sys-header-deps -MT CMakeFiles/cmTC_10282.dir/CMakeCCompilerABI.c.o -internal-isystem /usr/local/include -internal-isystem /usr/bin/../lib/clang/3.4.2/include -internal-externc-isystem /include -internal-externc-isystem /usr/include -fdebug-compilation-dir /users7/cse/ltirjan/assignment-2-don-t-be-sentimental-otirjan/build/CMakeFiles/CMakeTmp -ferror-limit 19 -fmessage-length 0 -mstackrealign -fobjc-runtime=gcc -fdiagnostics-show-option -vectorize-slp -o CMakeFiles/cmTC_10282.dir/CMakeCCompilerABI.c.o -x c /usr/local/es7/share/cmake-3.23/Modules/CMakeCCompilerABI.c
clang -cc1 version 3.4.2 based upon LLVM 3.4.2 default target x86_64-redhat-linux-gnu
ignoring nonexistent directory "/include"
#include "..." search starts here:
#include <...> search starts here:
 /usr/local/include
 /usr/bin/../lib/clang/3.4.2/include
 /usr/include
End of search list.
[2/2] Linking C executable cmTC_10282
clang version 3.4.2 (tags/RELEASE_34/dot2-final)
Target: x86_64-redhat-linux-gnu
Thread model: posix
Found candidate GCC installation: /usr/bin/../lib/gcc/x86_64-redhat-linux/4.4.7
Found candidate GCC installation: /usr/bin/../lib/gcc/x86_64-redhat-linux/4.8.2
Found candidate GCC installation: /usr/bin/../lib/gcc/x86_64-redhat-linux/4.8.5
Found candidate GCC installation: /usr/lib/gcc/x86_64-redhat-linux/4.4.7
Found candidate GCC installation: /usr/lib/gcc/x86_64-redhat-linux/4.8.2
Found candidate GCC installation: /usr/lib/gcc/x86_64-redhat-linux/4.8.5
Selected GCC installation: /usr/bin/../lib/gcc/x86_64-redhat-linux/4.8.5
 "/usr/bin/ld" --hash-style=gnu --no-add-needed --build-id --eh-frame-hdr -m elf_x86_64 -dynamic-linker /lib64/ld-linux-x86-64.so.2 -o cmTC_10282 /usr/bin/../lib/gcc/x86_64-redhat-linux/4.8.5/../../../../lib64/crt1.o /usr/bin/../lib/gcc/x86_64-redhat-linux/4.8.5/../../../../lib64/crti.o /usr/bin/../lib/gcc/x86_64-redhat-linux/4.8.5/crtbegin.o -L/usr/bin/../lib/gcc/x86_64-redhat-linux/4.8.5 -L/usr/bin/../lib/gcc/x86_64-redhat-linux/4.8.5/../../../../lib64 -L/lib/../lib64 -L/usr/lib/../lib64 -L/usr/bin/../lib/gcc/x86_64-redhat-linux/4.8.5/../../.. -L/lib -L/usr/lib CMakeFiles/cmTC_10282.dir/CMakeCCompilerABI.c.o -lgcc --as-needed -lgcc_s --no-as-needed -lc -lgcc --as-needed -lgcc_s --no-as-needed /usr/bin/../lib/gcc/x86_64-redhat-linux/4.8.5/crtend.o /usr/bin/../lib/gcc/x86_64-redhat-linux/4.8.5/../../../../lib64/crtn.o



Parsed C implicit include dir info from above output: rv=done
  found start of include info
  found start of implicit include info
    add: [/usr/local/include]
    add: [/usr/bin/../lib/clang/3.4.2/include]
    add: [/usr/include]
  end of search list found
  collapse include dir [/usr/local/include] ==> [/usr/local/include]
  collapse include dir [/usr/bin/../lib/clang/3.4.2/include] ==> [/usr/lib/clang/3.4.2/include]
  collapse include dir [/usr/include] ==> [/usr/include]
  implicit include dirs: [/usr/local/include;/usr/lib/clang/3.4.2/include;/usr/include]


Parsed C implicit link information from above output:
  link line regex: [^( *|.*[/\])(ld|CMAKE_LINK_STARTFILE-NOTFOUND|([^/\]+-)?ld|collect2)[^/\]*( |$)]
  ignore line: [Change Dir: /users7/cse/ltirjan/assignment-2-don-t-be-sentimental-otirjan/build/CMakeFiles/CMakeTmp]
  ignore line: []
  ignore line: [Run Build Command(s):/usr/local/es7/bin/ninja cmTC_10282 && [1/2] Building C object CMakeFiles/cmTC_10282.dir/CMakeCCompilerABI.c.o]
  ignore line: [clang version 3.4.2 (tags/RELEASE_34/dot2-final)]
  ignore line: [Target: x86_64-redhat-linux-gnu]
  ignore line: [Thread model: posix]
  ignore line: [Found candidate GCC installation: /usr/bin/../lib/gcc/x86_64-redhat-linux/4.4.7]
  ignore line: [Found candidate GCC installation: /usr/bin/../lib/gcc/x86_64-redhat-linux/4.8.2]
  ignore line: [Found candidate GCC installation: /usr/bin/../lib/gcc/x86_64-redhat-linux/4.8.5]
  ignore line: [Found candidate GCC installation: /usr/lib/gcc/x86_64-redhat-linux/4.4.7]
  ignore line: [Found candidate GCC installation: /usr/lib/gcc/x86_64-redhat-linux/4.8.2]
  ignore line: [Found candidate GCC installation: /usr/lib/gcc/x86_64-redhat-linux/4.8.5]
  ignore line: [Selected GCC installation: /usr/bin/../lib/gcc/x86_64-redhat-linux/4.8.5]
  ignore line: [ "/usr/bin/clang" -cc1 -triple x86_64-redhat-linux-gnu -emit-obj -mrelax-all -disable-free -disable-llvm-verifier -main-file-name CMakeCCompilerABI.c -mrelocation-model static -mdisable-fp-elim -fmath-errno -masm-verbose -mconstructor-aliases -munwind-tables -fuse-init-array -target-cpu x86-64 -target-linker-version 2.27 -v -coverage-file /users7/cse/ltirjan/assignment-2-don-t-be-sentimental-otirjan/build/CMakeFiles/CMakeTmp/CMakeFiles/cmTC_10282.dir/CMakeCCompilerABI.c.o -resource-dir /usr/bin/../lib/clang/3.4.2 -dependency-file CMakeFiles/cmTC_10282.dir/CMakeCCompilerABI.c.o.d -sys-header-deps -MT CMakeFiles/cmTC_10282.dir/CMakeCCompilerABI.c.o -internal-isystem /usr/local/include -internal-isystem /usr/bin/../lib/clang/3.4.2/include -internal-externc-isystem /include -internal-externc-isystem /usr/include -fdebug-compilation-dir /users7/cse/ltirjan/assignment-2-don-t-be-sentimental-otirjan/build/CMakeFiles/CMakeTmp -ferror-limit 19 -fmessage-length 0 -mstackrealign -fobjc-runtime=gcc -fdiagnostics-show-option -vectorize-slp -o CMakeFiles/cmTC_10282.dir/CMakeCCompilerABI.c.o -x c /usr/local/es7/share/cmake-3.23/Modules/CMakeCCompilerABI.c]
  ignore line: [clang -cc1 version 3.4.2 based upon LLVM 3.4.2 default target x86_64-redhat-linux-gnu]
  ignore line: [ignoring nonexistent directory "/include"]
  ignore line: [#include "..." search starts here:]
  ignore line: [#include <...> search starts here:]
  ignore line: [ /usr/local/include]
  ignore line: [ /usr/bin/../lib/clang/3.4.2/include]
  ignore line: [ /usr/include]
  ignore line: [End of search list.]
  ignore line: [[2/2] Linking C executable cmTC_10282]
  ignore line: [clang version 3.4.2 (tags/RELEASE_34/dot2-final)]
  ignore line: [Target: x86_64-redhat-linux-gnu]
  ignore line: [Thread model: posix]
  ignore line: [Found candidate GCC installation: /usr/bin/../lib/gcc/x86_64-redhat-linux/4.4.7]
  ignore line: [Found candidate GCC installation: /usr/bin/../lib/gcc/x86_64-redhat-linux/4.8.2]
  ignore line: [Found candidate GCC installation: /usr/bin/../lib/gcc/x86_64-redhat-linux/4.8.5]
  ignore line: [Found candidate GCC installation: /usr/lib/gcc/x86_64-redhat-linux/4.4.7]
  ignore line: [Found candidate GCC installation: /usr/lib/gcc/x86_64-redhat-linux/4.8.2]
  ignore line: [Found candidate GCC installation: /usr/lib/gcc/x86_64-redhat-linux/4.8.5]
  ignore line: [Selected GCC installation: /usr/bin/../lib/gcc/x86_64-redhat-linux/4.8.5]
  link line: [ "/usr/bin/ld" --hash-style=gnu --no-add-needed --build-id --eh-frame-hdr -m elf_x86_64 -dynamic-linker /lib64/ld-linux-x86-64.so.2 -o cmTC_10282 /usr/bin/../lib/gcc/x86_64-redhat-linux/4.8.5/../../../../lib64/crt1.o /usr/bin/../lib/gcc/x86_64-redhat-linux/4.8.5/../../../../lib64/crti.o /usr/bin/../lib/gcc/x86_64-redhat-linux/4.8.5/crtbegin.o -L/usr/bin/../lib/gcc/x86_64-redhat-linux/4.8.5 -L/usr/bin/../lib/gcc/x86_64-redhat-linux/4.8.5/../../../../lib64 -L/lib/../lib64 -L/usr/lib/../lib64 -L/usr/bin/../lib/gcc/x86_64-redhat-linux/4.8.5/../../.. -L/lib -L/usr/lib CMakeFiles/cmTC_10282.dir/CMakeCCompilerABI.c.o -lgcc --as-needed -lgcc_s --no-as-needed -lc -lgcc --as-needed -lgcc_s --no-as-needed /usr/bin/../lib/gcc/x86_64-redhat-linux/4.8.5/crtend.o /usr/bin/../lib/gcc/x86_64-redhat-linux/4.8.5/../../../../lib64/crtn.o]
    arg [/usr/bin/ld] ==> ignore
    arg [--hash-style=gnu] ==> ignore
    arg [--no-add-needed] ==> ignore
    arg [--build-id] ==> ignore
    arg [--eh-frame-hdr] ==> ignore
    arg [-m] ==> ignore
    arg [elf_x86_64] ==> ignore
    arg [-dynamic-linker] ==> ignore
    arg [/lib64/ld-linux-x86-64.so.2] ==> ignore
    arg [-o] ==> ignore
    arg [cmTC_10282] ==> ignore
    arg [/usr/bin/../lib/gcc/x86_64-redhat-linux/4.8.5/../../../../lib64/crt1.o] ==> obj [/usr/bin/../lib/gcc/x86_64-redhat-linux/4.8.5/../../../../lib64/crt1.o]
    arg [/usr/bin/../lib/gcc/x86_64-redhat-linux/4.8.5/../../../../lib64/crti.o] ==> obj [/usr/bin/../lib/gcc/x86_64-redhat-linux/4.8.5/../../../../lib64/crti.o]
    arg [/usr/bin/../lib/gcc/x86_64-redhat-linux/4.8.5/crtbegin.o] ==> obj [/usr/bin/../lib/gcc/x86_64-redhat-linux/4.8.5/crtbegin.o]
    arg [-L/usr/bin/../lib/gcc/x86_64-redhat-linux/4.8.5] ==> dir [/usr/bin/../lib/gcc/x86_64-redhat-linux/4.8.5]
    arg [-L/usr/bin/../lib/gcc/x86_64-redhat-linux/4.8.5/../../../../lib64] ==> dir [/usr/bin/../lib/gcc/x86_64-redhat-linux/4.8.5/../../../../lib64]
    arg [-L/lib/../lib64] ==> dir [/lib/../lib64]
    arg [-L/usr/lib/../lib64] ==> dir [/usr/lib/../lib64]
    arg [-L/usr/bin/../lib/gcc/x86_64-redhat-linux/4.8.5/../../..] ==> dir [/usr/bin/../lib/gcc/x86_64-redhat-linux/4.8.5/../../..]
    arg [-L/lib] ==> dir [/lib]
    arg [-L/usr/lib] ==> dir [/usr/lib]
    arg [CMakeFiles/cmTC_10282.dir/CMakeCCompilerABI.c.o] ==> ignore
    arg [-lgcc] ==> lib [gcc]
    arg [--as-needed] ==> ignore
    arg [-lgcc_s] ==> lib [gcc_s]
    arg [--no-as-needed] ==> ignore
    arg [-lc] ==> lib [c]
    arg [-lgcc] ==> lib [gcc]
    arg [--as-needed] ==> ignore
    arg [-lgcc_s] ==> lib [gcc_s]
    arg [--no-as-needed] ==> ignore
    arg [/usr/bin/../lib/gcc/x86_64-redhat-linux/4.8.5/crtend.o] ==> obj [/usr/bin/../lib/gcc/x86_64-redhat-linux/4.8.5/crtend.o]
    arg [/usr/bin/../lib/gcc/x86_64-redhat-linux/4.8.5/../../../../lib64/crtn.o] ==> obj [/usr/bin/../lib/gcc/x86_64-redhat-linux/4.8.5/../../../../lib64/crtn.o]
  collapse obj [/usr/bin/../lib/gcc/x86_64-redhat-linux/4.8.5/../../../../lib64/crt1.o] ==> [/usr/lib64/crt1.o]
  collapse obj [/usr/bin/../lib/gcc/x86_64-redhat-linux/4.8.5/../../../../lib64/crti.o] ==> [/usr/lib64/crti.o]
  collapse obj [/usr/bin/../lib/gcc/x86_64-redhat-linux/4.8.5/crtbegin.o] ==> [/usr/lib/gcc/x86_64-redhat-linux/4.8.5/crtbegin.o]
  collapse obj [/usr/bin/../lib/gcc/x86_64-redhat-linux/4.8.5/crtend.o] ==> [/usr/lib/gcc/x86_64-redhat-linux/4.8.5/crtend.o]
  collapse obj [/usr/bin/../lib/gcc/x86_64-redhat-linux/4.8.5/../../../../lib64/crtn.o] ==> [/usr/lib64/crtn.o]
  collapse library dir [/usr/bin/../lib/gcc/x86_64-redhat-linux/4.8.5] ==> [/usr/lib/gcc/x86_64-redhat-linux/4.8.5]
  collapse library dir [/usr/bin/../lib/gcc/x86_64-redhat-linux/4.8.5/../../../../lib64] ==> [/usr/lib64]
  collapse library dir [/lib/../lib64] ==> [/lib64]
  collapse library dir [/usr/lib/../lib64] ==> [/usr/lib64]
  collapse library dir [/usr/bin/../lib/gcc/x86_64-redhat-linux/4.8.5/../../..] ==> [/usr/lib]
  collapse library dir [/lib] ==> [/lib]
  collapse library dir [/usr/lib] ==> [/usr/lib]
  implicit libs: [gcc;gcc_s;c;gcc;gcc_s]
  implicit objs: [/usr/lib64/crt1.o;/usr/lib64/crti.o;/usr/lib/gcc/x86_64-redhat-linux/4.8.5/crtbegin.o;/usr/lib/gcc/x86_64-redhat-linux/4.8.5/crtend.o;/usr/lib64/crtn.o]
  implicit dirs: [/usr/lib/gcc/x86_64-redhat-linux/4.8.5;/usr/lib64;/lib64;/usr/lib;/lib]
  implicit fwks: []


Detecting CXX compiler ABI info compiled with the following output:
Change Dir: /users7/cse/ltirjan/assignment-2-don-t-be-sentimental-otirjan/build/CMakeFiles/CMakeTmp

Run Build Command(s):/usr/local/es7/bin/ninja cmTC_c065e && [1/2] Building CXX object CMakeFiles/cmTC_c065e.dir/CMakeCXXCompilerABI.cpp.o
clang version 3.4.2 (tags/RELEASE_34/dot2-final)
Target: x86_64-redhat-linux-gnu
Thread model: posix
Found candidate GCC installation: /usr/bin/../lib/gcc/x86_64-redhat-linux/4.4.7
Found candidate GCC installation: /usr/bin/../lib/gcc/x86_64-redhat-linux/4.8.2
Found candidate GCC installation: /usr/bin/../lib/gcc/x86_64-redhat-linux/4.8.5
Found candidate GCC installation: /usr/lib/gcc/x86_64-redhat-linux/4.4.7
Found candidate GCC installation: /usr/lib/gcc/x86_64-redhat-linux/4.8.2
Found candidate GCC installation: /usr/lib/gcc/x86_64-redhat-linux/4.8.5
Selected GCC installation: /usr/bin/../lib/gcc/x86_64-redhat-linux/4.8.5
 "/usr/bin/clang" -cc1 -triple x86_64-redhat-linux-gnu -emit-obj -mrelax-all -disable-free -disable-llvm-verifier -main-file-name CMakeCXXCompilerABI.cpp -mrelocation-model static -mdisable-fp-elim -fmath-errno -masm-verbose -mconstructor-aliases -munwind-tables -fuse-init-array -target-cpu x86-64 -target-linker-version 2.27 -v -coverage-file /users7/cse/ltirjan/assignment-2-don-t-be-sentimental-otirjan/build/CMakeFiles/CMakeTmp/CMakeFiles/cmTC_c065e.dir/CMakeCXXCompilerABI.cpp.o -resource-dir /usr/bin/../lib/clang/3.4.2 -dependency-file CMakeFiles/cmTC_c065e.dir/CMakeCXXCompilerABI.cpp.o.d -sys-header-deps -MT CMakeFiles/cmTC_c065e.dir/CMakeCXXCompilerABI.cpp.o -internal-isystem /usr/bin/../lib/gcc/x86_64-redhat-linux/4.8.5/../../../../include/c++/4.8.5 -internal-isystem /usr/bin/../lib/gcc/x86_64-redhat-linux/4.8.5/../../../../include/c++/4.8.5/x86_64-redhat-linux -internal-isystem /usr/bin/../lib/gcc/x86_64-redhat-linux/4.8.5/../../../../include/c++/4.8.5/backward -internal-isystem /usr/bin/../lib/gcc/x86_64-redhat-linux/4.8.5/../../../../include/x86_64-redhat-linux/c++/4.8.5 -internal-isystem /usr/local/include -internal-isystem /usr/bin/../lib/clang/3.4.2/include -internal-externc-isystem /include -internal-externc-isystem /usr/include -fdeprecated-macro -fdebug-compilation-dir /users7/cse/ltirjan/assignment-2-don-t-be-sentimental-otirjan/build/CMakeFiles/CMakeTmp -ferror-limit 19 -fmessage-length 0 -mstackrealign -fobjc-runtime=gcc -fcxx-exceptions -fexceptions -fdiagnostics-show-option -vectorize-slp -o CMakeFiles/cmTC_c065e.dir/CMakeCXXCompilerABI.cpp.o -x c++ /usr/local/es7/share/cmake-3.23/Modules/CMakeCXXCompilerABI.cpp
clang -cc1 version 3.4.2 based upon LLVM 3.4.2 default target x86_64-redhat-linux-gnu
ignoring nonexistent directory "/usr/bin/../lib/gcc/x86_64-redhat-linux/4.8.5/../../../../include/x86_64-redhat-linux/c++/4.8.5"
ignoring nonexistent directory "/include"
#include "..." search starts here:
#include <...> search starts here:
 /usr/bin/../lib/gcc/x86_64-redhat-linux/4.8.5/../../../../include/c++/4.8.5
 /usr/bin/../lib/gcc/x86_64-redhat-linux/4.8.5/../../../../include/c++/4.8.5/x86_64-redhat-linux
 /usr/bin/../lib/gcc/x86_64-redhat-linux/4.8.5/../../../../include/c++/4.8.5/backward
 /usr/local/include
 /usr/bin/../lib/clang/3.4.2/include
 /usr/include
End of search list.
[2/2] Linking CXX executable cmTC_c065e
clang version 3.4.2 (tags/RELEASE_34/dot2-final)
Target: x86_64-redhat-linux-gnu
Thread model: posix
Found candidate GCC installation: /usr/bin/../lib/gcc/x86_64-redhat-linux/4.4.7
Found candidate GCC installation: /usr/bin/../lib/gcc/x86_64-redhat-linux/4.8.2
Found candidate GCC installation: /usr/bin/../lib/gcc/x86_64-redhat-linux/4.8.5
Found candidate GCC installation: /usr/lib/gcc/x86_64-redhat-linux/4.4.7
Found candidate GCC installation: /usr/lib/gcc/x86_64-redhat-linux/4.8.2
Found candidate GCC installation: /usr/lib/gcc/x86_64-redhat-linux/4.8.5
Selected GCC installation: /usr/bin/../lib/gcc/x86_64-redhat-linux/4.8.5
 "/usr/bin/ld" --hash-style=gnu --no-add-needed --build-id --eh-frame-hdr -m elf_x86_64 -dynamic-linker /lib64/ld-linux-x86-64.so.2 -o cmTC_c065e /usr/bin/../lib/gcc/x86_64-redhat-linux/4.8.5/../../../../lib64/crt1.o /usr/bin/../lib/gcc/x86_64-redhat-linux/4.8.5/../../../../lib64/crti.o /usr/bin/../lib/gcc/x86_64-redhat-linux/4.8.5/crtbegin.o -L/usr/bin/../lib/gcc/x86_64-redhat-linux/4.8.5 -L/usr/bin/../lib/gcc/x86_64-redhat-linux/4.8.5/../../../../lib64 -L/lib/../lib64 -L/usr/lib/../lib64 -L/usr/bin/../lib/gcc/x86_64-redhat-linux/4.8.5/../../.. -L/lib -L/usr/lib CMakeFiles/cmTC_c065e.dir/CMakeCXXCompilerABI.cpp.o -lstdc++ -lm -lgcc_s -lgcc -lc -lgcc_s -lgcc /usr/bin/../lib/gcc/x86_64-redhat-linux/4.8.5/crtend.o /usr/bin/../lib/gcc/x86_64-redhat-linux/4.8.5/../../../../lib64/crtn.o



Parsed CXX implicit include dir info from above output: rv=done
  found start of include info
  found start of implicit include info
    add: [/usr/bin/../lib/gcc/x86_64-redhat-linux/4.8.5/../../../../include/c++/4.8.5]
    add: [/usr/bin/../lib/gcc/x86_64-redhat-linux/4.8.5/../../../../include/c++/4.8.5/x86_64-redhat-linux]
    add: [/usr/bin/../lib/gcc/x86_64-redhat-linux/4.8.5/../../../../include/c++/4.8.5/backward]
    add: [/usr/local/include]
    add: [/usr/bin/../lib/clang/3.4.2/include]
    add: [/usr/include]
  end of search list found
  collapse include dir [/usr/bin/../lib/gcc/x86_64-redhat-linux/4.8.5/../../../../include/c++/4.8.5] ==> [/usr/include/c++/4.8.5]
  collapse include dir [/usr/bin/../lib/gcc/x86_64-redhat-linux/4.8.5/../../../../include/c++/4.8.5/x86_64-redhat-linux] ==> [/usr/include/c++/4.8.5/x86_64-redhat-linux]
  collapse include dir [/usr/bin/../lib/gcc/x86_64-redhat-linux/4.8.5/../../../../include/c++/4.8.5/backward] ==> [/usr/include/c++/4.8.5/backward]
  collapse include dir [/usr/local/include] ==> [/usr/local/include]
  collapse include dir [/usr/bin/../lib/clang/3.4.2/include] ==> [/usr/lib/clang/3.4.2/include]
  collapse include dir [/usr/include] ==> [/usr/include]
  implicit include dirs: [/usr/include/c++/4.8.5;/usr/include/c++/4.8.5/x86_64-redhat-linux;/usr/include/c++/4.8.5/backward;/usr/local/include;/usr/lib/clang/3.4.2/include;/usr/include]


Parsed CXX implicit link information from above output:
  link line regex: [^( *|.*[/\])(ld|CMAKE_LINK_STARTFILE-NOTFOUND|([^/\]+-)?ld|collect2)[^/\]*( |$)]
  ignore line: [Change Dir: /users7/cse/ltirjan/assignment-2-don-t-be-sentimental-otirjan/build/CMakeFiles/CMakeTmp]
  ignore line: []
  ignore line: [Run Build Command(s):/usr/local/es7/bin/ninja cmTC_c065e && [1/2] Building CXX object CMakeFiles/cmTC_c065e.dir/CMakeCXXCompilerABI.cpp.o]
  ignore line: [clang version 3.4.2 (tags/RELEASE_34/dot2-final)]
  ignore line: [Target: x86_64-redhat-linux-gnu]
  ignore line: [Thread model: posix]
  ignore line: [Found candidate GCC installation: /usr/bin/../lib/gcc/x86_64-redhat-linux/4.4.7]
  ignore line: [Found candidate GCC installation: /usr/bin/../lib/gcc/x86_64-redhat-linux/4.8.2]
  ignore line: [Found candidate GCC installation: /usr/bin/../lib/gcc/x86_64-redhat-linux/4.8.5]
  ignore line: [Found candidate GCC installation: /usr/lib/gcc/x86_64-redhat-linux/4.4.7]
  ignore line: [Found candidate GCC installation: /usr/lib/gcc/x86_64-redhat-linux/4.8.2]
  ignore line: [Found candidate GCC installation: /usr/lib/gcc/x86_64-redhat-linux/4.8.5]
  ignore line: [Selected GCC installation: /usr/bin/../lib/gcc/x86_64-redhat-linux/4.8.5]
  ignore line: [ "/usr/bin/clang" -cc1 -triple x86_64-redhat-linux-gnu -emit-obj -mrelax-all -disable-free -disable-llvm-verifier -main-file-name CMakeCXXCompilerABI.cpp -mrelocation-model static -mdisable-fp-elim -fmath-errno -masm-verbose -mconstructor-aliases -munwind-tables -fuse-init-array -target-cpu x86-64 -target-linker-version 2.27 -v -coverage-file /users7/cse/ltirjan/assignment-2-don-t-be-sentimental-otirjan/build/CMakeFiles/CMakeTmp/CMakeFiles/cmTC_c065e.dir/CMakeCXXCompilerABI.cpp.o -resource-dir /usr/bin/../lib/clang/3.4.2 -dependency-file CMakeFiles/cmTC_c065e.dir/CMakeCXXCompilerABI.cpp.o.d -sys-header-deps -MT CMakeFiles/cmTC_c065e.dir/CMakeCXXCompilerABI.cpp.o -internal-isystem /usr/bin/../lib/gcc/x86_64-redhat-linux/4.8.5/../../../../include/c++/4.8.5 -internal-isystem /usr/bin/../lib/gcc/x86_64-redhat-linux/4.8.5/../../../../include/c++/4.8.5/x86_64-redhat-linux -internal-isystem /usr/bin/../lib/gcc/x86_64-redhat-linux/4.8.5/../../../../include/c++/4.8.5/backward -internal-isystem /usr/bin/../lib/gcc/x86_64-redhat-linux/4.8.5/../../../../include/x86_64-redhat-linux/c++/4.8.5 -internal-isystem /usr/local/include -internal-isystem /usr/bin/../lib/clang/3.4.2/include -internal-externc-isystem /include -internal-externc-isystem /usr/include -fdeprecated-macro -fdebug-compilation-dir /users7/cse/ltirjan/assignment-2-don-t-be-sentimental-otirjan/build/CMakeFiles/CMakeTmp -ferror-limit 19 -fmessage-length 0 -mstackrealign -fobjc-runtime=gcc -fcxx-exceptions -fexceptions -fdiagnostics-show-option -vectorize-slp -o CMakeFiles/cmTC_c065e.dir/CMakeCXXCompilerABI.cpp.o -x c++ /usr/local/es7/share/cmake-3.23/Modules/CMakeCXXCompilerABI.cpp]
  ignore line: [clang -cc1 version 3.4.2 based upon LLVM 3.4.2 default target x86_64-redhat-linux-gnu]
  ignore line: [ignoring nonexistent directory "/usr/bin/../lib/gcc/x86_64-redhat-linux/4.8.5/../../../../include/x86_64-redhat-linux/c++/4.8.5"]
  ignore line: [ignoring nonexistent directory "/include"]
  ignore line: [#include "..." search starts here:]
  ignore line: [#include <...> search starts here:]
  ignore line: [ /usr/bin/../lib/gcc/x86_64-redhat-linux/4.8.5/../../../../include/c++/4.8.5]
  ignore line: [ /usr/bin/../lib/gcc/x86_64-redhat-linux/4.8.5/../../../../include/c++/4.8.5/x86_64-redhat-linux]
  ignore line: [ /usr/bin/../lib/gcc/x86_64-redhat-linux/4.8.5/../../../../include/c++/4.8.5/backward]
  ignore line: [ /usr/local/include]
  ignore line: [ /usr/bin/../lib/clang/3.4.2/include]
  ignore line: [ /usr/include]
  ignore line: [End of search list.]
  ignore line: [[2/2] Linking CXX executable cmTC_c065e]
  ignore line: [clang version 3.4.2 (tags/RELEASE_34/dot2-final)]
  ignore line: [Target: x86_64-redhat-linux-gnu]
  ignore line: [Thread model: posix]
  ignore line: [Found candidate GCC installation: /usr/bin/../lib/gcc/x86_64-redhat-linux/4.4.7]
  ignore line: [Found candidate GCC installation: /usr/bin/../lib/gcc/x86_64-redhat-linux/4.8.2]
  ignore line: [Found candidate GCC installation: /usr/bin/../lib/gcc/x86_64-redhat-linux/4.8.5]
  ignore line: [Found candidate GCC installation: /usr/lib/gcc/x86_64-redhat-linux/4.4.7]
  ignore line: [Found candidate GCC installation: /usr/lib/gcc/x86_64-redhat-linux/4.8.2]
  ignore line: [Found candidate GCC installation: /usr/lib/gcc/x86_64-redhat-linux/4.8.5]
  ignore line: [Selected GCC installation: /usr/bin/../lib/gcc/x86_64-redhat-linux/4.8.5]
  link line: [ "/usr/bin/ld" --hash-style=gnu --no-add-needed --build-id --eh-frame-hdr -m elf_x86_64 -dynamic-linker /lib64/ld-linux-x86-64.so.2 -o cmTC_c065e /usr/bin/../lib/gcc/x86_64-redhat-linux/4.8.5/../../../../lib64/crt1.o /usr/bin/../lib/gcc/x86_64-redhat-linux/4.8.5/../../../../lib64/crti.o /usr/bin/../lib/gcc/x86_64-redhat-linux/4.8.5/crtbegin.o -L/usr/bin/../lib/gcc/x86_64-redhat-linux/4.8.5 -L/usr/bin/../lib/gcc/x86_64-redhat-linux/4.8.5/../../../../lib64 -L/lib/../lib64 -L/usr/lib/../lib64 -L/usr/bin/../lib/gcc/x86_64-redhat-linux/4.8.5/../../.. -L/lib -L/usr/lib CMakeFiles/cmTC_c065e.dir/CMakeCXXCompilerABI.cpp.o -lstdc++ -lm -lgcc_s -lgcc -lc -lgcc_s -lgcc /usr/bin/../lib/gcc/x86_64-redhat-linux/4.8.5/crtend.o /usr/bin/../lib/gcc/x86_64-redhat-linux/4.8.5/../../../../lib64/crtn.o]
    arg [/usr/bin/ld] ==> ignore
    arg [--hash-style=gnu] ==> ignore
    arg [--no-add-needed] ==> ignore
    arg [--build-id] ==> ignore
    arg [--eh-frame-hdr] ==> ignore
    arg [-m] ==> ignore
    arg [elf_x86_64] ==> ignore
    arg [-dynamic-linker] ==> ignore
    arg [/lib64/ld-linux-x86-64.so.2] ==> ignore
    arg [-o] ==> ignore
    arg [cmTC_c065e] ==> ignore
    arg [/usr/bin/../lib/gcc/x86_64-redhat-linux/4.8.5/../../../../lib64/crt1.o] ==> obj [/usr/bin/../lib/gcc/x86_64-redhat-linux/4.8.5/../../../../lib64/crt1.o]
    arg [/usr/bin/../lib/gcc/x86_64-redhat-linux/4.8.5/../../../../lib64/crti.o] ==> obj [/usr/bin/../lib/gcc/x86_64-redhat-linux/4.8.5/../../../../lib64/crti.o]
    arg [/usr/bin/../lib/gcc/x86_64-redhat-linux/4.8.5/crtbegin.o] ==> obj [/usr/bin/../lib/gcc/x86_64-redhat-linux/4.8.5/crtbegin.o]
    arg [-L/usr/bin/../lib/gcc/x86_64-redhat-linux/4.8.5] ==> dir [/usr/bin/../lib/gcc/x86_64-redhat-linux/4.8.5]
    arg [-L/usr/bin/../lib/gcc/x86_64-redhat-linux/4.8.5/../../../../lib64] ==> dir [/usr/bin/../lib/gcc/x86_64-redhat-linux/4.8.5/../../../../lib64]
    arg [-L/lib/../lib64] ==> dir [/lib/../lib64]
    arg [-L/usr/lib/../lib64] ==> dir [/usr/lib/../lib64]
    arg [-L/usr/bin/../lib/gcc/x86_64-redhat-linux/4.8.5/../../..] ==> dir [/usr/bin/../lib/gcc/x86_64-redhat-linux/4.8.5/../../..]
    arg [-L/lib] ==> dir [/lib]
    arg [-L/usr/lib] ==> dir [/usr/lib]
    arg [CMakeFiles/cmTC_c065e.dir/CMakeCXXCompilerABI.cpp.o] ==> ignore
    arg [-lstdc++] ==> lib [stdc++]
    arg [-lm] ==> lib [m]
    arg [-lgcc_s] ==> lib [gcc_s]
    arg [-lgcc] ==> lib [gcc]
    arg [-lc] ==> lib [c]
    arg [-lgcc_s] ==> lib [gcc_s]
    arg [-lgcc] ==> lib [gcc]
    arg [/usr/bin/../lib/gcc/x86_64-redhat-linux/4.8.5/crtend.o] ==> obj [/usr/bin/../lib/gcc/x86_64-redhat-linux/4.8.5/crtend.o]
    arg [/usr/bin/../lib/gcc/x86_64-redhat-linux/4.8.5/../../../../lib64/crtn.o] ==> obj [/usr/bin/../lib/gcc/x86_64-redhat-linux/4.8.5/../../../../lib64/crtn.o]
  collapse obj [/usr/bin/../lib/gcc/x86_64-redhat-linux/4.8.5/../../../../lib64/crt1.o] ==> [/usr/lib64/crt1.o]
  collapse obj [/usr/bin/../lib/gcc/x86_64-redhat-linux/4.8.5/../../../../lib64/crti.o] ==> [/usr/lib64/crti.o]
  collapse obj [/usr/bin/../lib/gcc/x86_64-redhat-linux/4.8.5/crtbegin.o] ==> [/usr/lib/gcc/x86_64-redhat-linux/4.8.5/crtbegin.o]
  collapse obj [/usr/bin/../lib/gcc/x86_64-redhat-linux/4.8.5/crtend.o] ==> [/usr/lib/gcc/x86_64-redhat-linux/4.8.5/crtend.o]
  collapse obj [/usr/bin/../lib/gcc/x86_64-redhat-linux/4.8.5/../../../../lib64/crtn.o] ==> [/usr/lib64/crtn.o]
  collapse library dir [/usr/bin/../lib/gcc/x86_64-redhat-linux/4.8.5] ==> [/usr/lib/gcc/x86_64-redhat-linux/4.8.5]
  collapse library dir [/usr/bin/../lib/gcc/x86_64-redhat-linux/4.8.5/../../../../lib64] ==> [/usr/lib64]
  collapse library dir [/lib/../lib64] ==> [/lib64]
  collapse library dir [/usr/lib/../lib64] ==> [/usr/lib64]
  collapse library dir [/usr/bin/../lib/gcc/x86_64-redhat-linux/4.8.5/../../..] ==> [/usr/lib]
  collapse library dir [/lib] ==> [/lib]
  collapse library dir [/usr/lib] ==> [/usr/lib]
  implicit libs: [stdc++;m;gcc_s;gcc;c;gcc_s;gcc]
  implicit objs: [/usr/lib64/crt1.o;/usr/lib64/crti.o;/usr/lib/gcc/x86_64-redhat-linux/4.8.5/crtbegin.o;/usr/lib/gcc/x86_64-redhat-linux/4.8.5/crtend.o;/usr/lib64/crtn.o]
  implicit dirs: [/usr/lib/gcc/x86_64-redhat-linux/4.8.5;/usr/lib64;/lib64;/usr/lib;/lib]
  implicit fwks: []


